# JRE version: Java(TM) SE Runtime Environment (7.0_51-b13) (build 1.7.0_51-b13)
# Java VM: Java HotSpot(TM) 64-Bit Server VM (24.51-b03 mixed mode windows-amd64 compressed oops)
Heap
 PSYoungGen      total 37376K, used 26710K [0x0000000755500000, 0x0000000759e00000, 0x0000000800000000)
  eden space 32256K, 74% used [0x0000000755500000,0x0000000756c9fe60,0x0000000757480000)
  from space 5120K, 49% used [0x0000000757480000,0x00000007576f5cf0,0x0000000757980000)
  to   space 5120K, 0% used [0x0000000759900000,0x0000000759900000,0x0000000759e00000)
 ParOldGen       total 84480K, used 12094K [0x0000000600000000, 0x0000000605280000, 0x0000000755500000)
  object space 84480K, 14% used [0x0000000600000000,0x0000000600bcf930,0x0000000605280000)
 PSPermGen       total 21504K, used 15962K [0x00000005fae00000, 0x00000005fc300000, 0x0000000600000000)
  object space 21504K, 74% used [0x00000005fae00000,0x00000005fbd96bd8,0x00000005fc300000)
GC Heap History (6 events):
Event: 2.384 GC heap before
{Heap before GC invocations=1 (full 0):
 PSYoungGen      total 37376K, used 32154K [0x0000000755500000, 0x0000000757e80000, 0x0000000800000000)
  eden space 32256K, 99% used [0x0000000755500000,0x00000007574669b0,0x0000000757480000)
  from space 5120K, 0% used [0x0000000757980000,0x0000000757980000,0x0000000757e80000)
  to   space 5120K, 0% used [0x0000000757480000,0x0000000757480000,0x0000000757980000)
 ParOldGen       total 84480K, used 0K [0x0000000600000000, 0x0000000605280000, 0x0000000755500000)
  object space 84480K, 0% used [0x0000000600000000,0x0000000600000000,0x0000000605280000)
 PSPermGen       total 21504K, used 15874K [0x00000005fae00000, 0x00000005fc300000, 0x0000000600000000)
  object space 21504K, 73% used [0x00000005fae00000,0x00000005fbd80aa8,0x00000005fc300000)
Event: 2.398 GC heap after
Heap after GC invocations=1 (full 0):
 PSYoungGen      total 37376K, used 5108K [0x0000000755500000, 0x0000000757e80000, 0x0000000800000000)
  eden space 32256K, 0% used [0x0000000755500000,0x0000000755500000,0x0000000757480000)
  from space 5120K, 99% used [0x0000000757480000,0x000000075797d2b0,0x0000000757980000)
  to   space 5120K, 0% used [0x0000000757980000,0x0000000757980000,0x0000000757e80000)
 ParOldGen       total 84480K, used 6167K [0x0000000600000000, 0x0000000605280000, 0x0000000755500000)
  object space 84480K, 7% used [0x0000000600000000,0x0000000600605e28,0x0000000605280000)
 PSPermGen       total 21504K, used 15874K [0x00000005fae00000, 0x00000005fc300000, 0x0000000600000000)
  object space 21504K, 73% used [0x00000005fae00000,0x00000005fbd80aa8,0x00000005fc300000)
}
Event: 3.985 GC heap before
{Heap before GC invocations=2 (full 0):
 PSYoungGen      total 37376K, used 36908K [0x0000000755500000, 0x0000000757e80000, 0x0000000800000000)
  eden space 32256K, 98% used [0x0000000755500000,0x000000075740df48,0x0000000757480000)
  from space 5120K, 99% used [0x0000000757480000,0x000000075797d2b0,0x0000000757980000)
  to   space 5120K, 0% used [0x0000000757980000,0x0000000757980000,0x0000000757e80000)
 ParOldGen       total 84480K, used 6167K [0x0000000600000000, 0x0000000605280000, 0x0000000755500000)
  object space 84480K, 7% used [0x0000000600000000,0x0000000600605e28,0x0000000605280000)
 PSPermGen       total 21504K, used 15939K [0x00000005fae00000, 0x00000005fc300000, 0x0000000600000000)
  object space 21504K, 74% used [0x00000005fae00000,0x00000005fbd90f38,0x00000005fc300000)
Event: 3.993 GC heap after
Heap after GC invocations=2 (full 0):
 PSYoungGen      total 37376K, used 5096K [0x0000000755500000, 0x0000000757e80000, 0x0000000800000000)
  eden space 32256K, 0% used [0x0000000755500000,0x0000000755500000,0x0000000757480000)
  from space 5120K, 99% used [0x0000000757980000,0x0000000757e7a170,0x0000000757e80000)
  to   space 5120K, 0% used [0x0000000757480000,0x0000000757480000,0x0000000757980000)
 ParOldGen       total 84480K, used 12086K [0x0000000600000000, 0x0000000605280000, 0x0000000755500000)
  object space 84480K, 14% used [0x0000000600000000,0x0000000600bcd930,0x0000000605280000)
 PSPermGen       total 21504K, used 15939K [0x00000005fae00000, 0x00000005fc300000, 0x0000000600000000)
  object space 21504K, 74% used [0x00000005fae00000,0x00000005fbd90f38,0x00000005fc300000)
}
Event: 4.712 GC heap before
{Heap before GC invocations=3 (full 0):
 PSYoungGen      total 37376K, used 36746K [0x0000000755500000, 0x0000000757e80000, 0x0000000800000000)
  eden space 32256K, 98% used [0x0000000755500000,0x00000007573e8970,0x0000000757480000)
  from space 5120K, 99% used [0x0000000757980000,0x0000000757e7a170,0x0000000757e80000)
  to   space 5120K, 0% used [0x0000000757480000,0x0000000757480000,0x0000000757980000)
 ParOldGen       total 84480K, used 12086K [0x0000000600000000, 0x0000000605280000, 0x0000000755500000)
  object space 84480K, 14% used [0x0000000600000000,0x0000000600bcd930,0x0000000605280000)
 PSPermGen       total 21504K, used 15957K [0x00000005fae00000, 0x00000005fc300000, 0x0000000600000000)
  object space 21504K, 74% used [0x00000005fae00000,0x00000005fbd95588,0x00000005fc300000)
Event: 4.782 GC heap after
Heap after GC invocations=3 (full 0):
 PSYoungGen      total 37376K, used 2519K [0x0000000755500000, 0x0000000759e00000, 0x0000000800000000)
  eden space 32256K, 0% used [0x0000000755500000,0x0000000755500000,0x0000000757480000)
  from space 5120K, 49% used [0x0000000757480000,0x00000007576f5cf0,0x0000000757980000)
  to   space 5120K, 0% used [0x0000000759900000,0x0000000759900000,0x0000000759e00000)
 ParOldGen       total 84480K, used 12094K [0x0000000600000000, 0x0000000605280000, 0x0000000755500000)
  object space 84480K, 14% used [0x0000000600000000,0x0000000600bcf930,0x0000000605280000)
 PSPermGen       total 21504K, used 15957K [0x00000005fae00000, 0x00000005fc300000, 0x0000000600000000)
  object space 21504K, 74% used [0x00000005fae00000,0x00000005fbd95588,0x00000005fc300000)
}

