# JRE version: Java(TM) SE Runtime Environment (7.0_51-b13) (build 1.7.0_51-b13)
# Java VM: Java HotSpot(TM) 64-Bit Server VM (24.51-b03 mixed mode windows-amd64 compressed oops)
Heap
 PSYoungGen      total 40448K, used 14152K [0x0000000755500000, 0x0000000758d80000, 0x0000000800000000)
  eden space 37376K, 30% used [0x0000000755500000,0x00000007560029e8,0x0000000757980000)
  from space 3072K, 93% used [0x0000000757a00000,0x0000000757ccf9b0,0x0000000757d00000)
  to   space 10240K, 0% used [0x0000000758380000,0x0000000758380000,0x0000000758d80000)
 ParOldGen       total 84480K, used 28321K [0x0000000600000000, 0x0000000605280000, 0x0000000755500000)
  object space 84480K, 33% used [0x0000000600000000,0x0000000601ba87a0,0x0000000605280000)
 PSPermGen       total 21504K, used 16278K [0x00000005fae00000, 0x00000005fc300000, 0x0000000600000000)
  object space 21504K, 75% used [0x00000005fae00000,0x00000005fbde5b20,0x00000005fc300000)
GC Heap History (10 events):
Event: 31.236 GC heap before
{Heap before GC invocations=17 (full 0):
 PSYoungGen      total 53760K, used 42949K [0x0000000755500000, 0x0000000759800000, 0x0000000800000000)
  eden space 41984K, 98% used [0x0000000755500000,0x0000000757d8b978,0x0000000757e00000)
  from space 11776K, 12% used [0x0000000758c80000,0x0000000758de5cd0,0x0000000759800000)
  to   space 13312K, 0% used [0x0000000757e00000,0x0000000757e00000,0x0000000758b00000)
 ParOldGen       total 84480K, used 28225K [0x0000000600000000, 0x0000000605280000, 0x0000000755500000)
  object space 84480K, 33% used [0x0000000600000000,0x0000000601b907a0,0x0000000605280000)
 PSPermGen       total 21504K, used 16259K [0x00000005fae00000, 0x00000005fc300000, 0x0000000600000000)
  object space 21504K, 75% used [0x00000005fae00000,0x00000005fbde0c30,0x00000005fc300000)
Event: 31.246 GC heap after
Heap after GC invocations=17 (full 0):
 PSYoungGen      total 44032K, used 2830K [0x0000000755500000, 0x0000000759600000, 0x0000000800000000)
  eden space 40960K, 0% used [0x0000000755500000,0x0000000755500000,0x0000000757d00000)
  from space 3072K, 92% used [0x0000000757e00000,0x00000007580c39a0,0x0000000758100000)
  to   space 12800K, 0% used [0x0000000758980000,0x0000000758980000,0x0000000759600000)
 ParOldGen       total 84480K, used 28241K [0x0000000600000000, 0x0000000605280000, 0x0000000755500000)
  object space 84480K, 33% used [0x0000000600000000,0x0000000601b947a0,0x0000000605280000)
 PSPermGen       total 21504K, used 16259K [0x00000005fae00000, 0x00000005fc300000, 0x0000000600000000)
  object space 21504K, 75% used [0x00000005fae00000,0x00000005fbde0c30,0x00000005fc300000)
}
Event: 32.029 GC heap before
{Heap before GC invocations=18 (full 0):
 PSYoungGen      total 44032K, used 43790K [0x0000000755500000, 0x0000000759600000, 0x0000000800000000)
  eden space 40960K, 100% used [0x0000000755500000,0x0000000757d00000,0x0000000757d00000)
  from space 3072K, 92% used [0x0000000757e00000,0x00000007580c39a0,0x0000000758100000)
  to   space 12800K, 0% used [0x0000000758980000,0x0000000758980000,0x0000000759600000)
 ParOldGen       total 84480K, used 28241K [0x0000000600000000, 0x0000000605280000, 0x0000000755500000)
  object space 84480K, 33% used [0x0000000600000000,0x0000000601b947a0,0x0000000605280000)
 PSPermGen       total 21504K, used 16263K [0x00000005fae00000, 0x00000005fc300000, 0x0000000600000000)
  object space 21504K, 75% used [0x00000005fae00000,0x00000005fbde1ff8,0x00000005fc300000)
Event: 32.030 GC heap after
Heap after GC invocations=18 (full 0):
 PSYoungGen      total 49664K, used 4261K [0x0000000755500000, 0x0000000759300000, 0x0000000800000000)
  eden space 39936K, 0% used [0x0000000755500000,0x0000000755500000,0x0000000757c00000)
  from space 9728K, 43% used [0x0000000758980000,0x0000000758da9670,0x0000000759300000)
  to   space 11776K, 0% used [0x0000000757c00000,0x0000000757c00000,0x0000000758780000)
 ParOldGen       total 84480K, used 28257K [0x0000000600000000, 0x0000000605280000, 0x0000000755500000)
  object space 84480K, 33% used [0x0000000600000000,0x0000000601b987a0,0x0000000605280000)
 PSPermGen       total 21504K, used 16263K [0x00000005fae00000, 0x00000005fc300000, 0x0000000600000000)
  object space 21504K, 75% used [0x00000005fae00000,0x00000005fbde1ff8,0x00000005fc300000)
}
Event: 33.084 GC heap before
{Heap before GC invocations=19 (full 0):
 PSYoungGen      total 49664K, used 43549K [0x0000000755500000, 0x0000000759300000, 0x0000000800000000)
  eden space 39936K, 98% used [0x0000000755500000,0x0000000757b5df80,0x0000000757c00000)
  from space 9728K, 43% used [0x0000000758980000,0x0000000758da9670,0x0000000759300000)
  to   space 11776K, 0% used [0x0000000757c00000,0x0000000757c00000,0x0000000758780000)
 ParOldGen       total 84480K, used 28257K [0x0000000600000000, 0x0000000605280000, 0x0000000755500000)
  object space 84480K, 33% used [0x0000000600000000,0x0000000601b987a0,0x0000000605280000)
 PSPermGen       total 21504K, used 16271K [0x00000005fae00000, 0x00000005fc300000, 0x0000000600000000)
  object space 21504K, 75% used [0x00000005fae00000,0x00000005fbde3f98,0x00000005fc300000)
Event: 33.085 GC heap after
Heap after GC invocations=19 (full 0):
 PSYoungGen      total 43520K, used 4261K [0x0000000755500000, 0x0000000759100000, 0x0000000800000000)
  eden space 38912K, 0% used [0x0000000755500000,0x0000000755500000,0x0000000757b00000)
  from space 4608K, 92% used [0x0000000757c00000,0x0000000758029670,0x0000000758080000)
  to   space 11264K, 0% used [0x0000000758600000,0x0000000758600000,0x0000000759100000)
 ParOldGen       total 84480K, used 28289K [0x0000000600000000, 0x0000000605280000, 0x0000000755500000)
  object space 84480K, 33% used [0x0000000600000000,0x0000000601ba07a0,0x0000000605280000)
 PSPermGen       total 21504K, used 16271K [0x00000005fae00000, 0x00000005fc300000, 0x0000000600000000)
  object space 21504K, 75% used [0x00000005fae00000,0x00000005fbde3f98,0x00000005fc300000)
}
Event: 34.279 GC heap before
{Heap before GC invocations=20 (full 0):
 PSYoungGen      total 43520K, used 42944K [0x0000000755500000, 0x0000000759100000, 0x0000000800000000)
  eden space 38912K, 99% used [0x0000000755500000,0x0000000757ac6c88,0x0000000757b00000)
  from space 4608K, 92% used [0x0000000757c00000,0x0000000758029670,0x0000000758080000)
  to   space 11264K, 0% used [0x0000000758600000,0x0000000758600000,0x0000000759100000)
 ParOldGen       total 84480K, used 28289K [0x0000000600000000, 0x0000000605280000, 0x0000000755500000)
  object space 84480K, 33% used [0x0000000600000000,0x0000000601ba07a0,0x0000000605280000)
 PSPermGen       total 21504K, used 16274K [0x00000005fae00000, 0x00000005fc300000, 0x0000000600000000)
  object space 21504K, 75% used [0x00000005fae00000,0x00000005fbde4a78,0x00000005fc300000)
Event: 34.285 GC heap after
Heap after GC invocations=20 (full 0):
 PSYoungGen      total 48128K, used 1575K [0x0000000755500000, 0x0000000759000000, 0x0000000800000000)
  eden space 37888K, 0% used [0x0000000755500000,0x0000000755500000,0x0000000757a00000)
  from space 10240K, 15% used [0x0000000758600000,0x0000000758789ce0,0x0000000759000000)
  to   space 11264K, 0% used [0x0000000757a00000,0x0000000757a00000,0x0000000758500000)
 ParOldGen       total 84480K, used 28305K [0x0000000600000000, 0x0000000605280000, 0x0000000755500000)
  object space 84480K, 33% used [0x0000000600000000,0x0000000601ba47a0,0x0000000605280000)
 PSPermGen       total 21504K, used 16274K [0x00000005fae00000, 0x00000005fc300000, 0x0000000600000000)
  object space 21504K, 75% used [0x00000005fae00000,0x00000005fbde4a78,0x00000005fc300000)
}
Event: 35.570 GC heap before
{Heap before GC invocations=21 (full 0):
 PSYoungGen      total 48128K, used 39076K [0x0000000755500000, 0x0000000759000000, 0x0000000800000000)
  eden space 37888K, 98% used [0x0000000755500000,0x000000075799f420,0x0000000757a00000)
  from space 10240K, 15% used [0x0000000758600000,0x0000000758789ce0,0x0000000759000000)
  to   space 11264K, 0% used [0x0000000757a00000,0x0000000757a00000,0x0000000758500000)
 ParOldGen       total 84480K, used 28305K [0x0000000600000000, 0x0000000605280000, 0x0000000755500000)
  object space 84480K, 33% used [0x0000000600000000,0x0000000601ba47a0,0x0000000605280000)
 PSPermGen       total 21504K, used 16277K [0x00000005fae00000, 0x00000005fc300000, 0x0000000600000000)
  object space 21504K, 75% used [0x00000005fae00000,0x00000005fbde5540,0x00000005fc300000)
Event: 35.571 GC heap after
Heap after GC invocations=21 (full 0):
 PSYoungGen      total 40448K, used 2878K [0x0000000755500000, 0x0000000758d80000, 0x0000000800000000)
  eden space 37376K, 0% used [0x0000000755500000,0x0000000755500000,0x0000000757980000)
  from space 3072K, 93% used [0x0000000757a00000,0x0000000757ccf9b0,0x0000000757d00000)
  to   space 10240K, 0% used [0x0000000758380000,0x0000000758380000,0x0000000758d80000)
 ParOldGen       total 84480K, used 28321K [0x0000000600000000, 0x0000000605280000, 0x0000000755500000)
  object space 84480K, 33% used [0x0000000600000000,0x0000000601ba87a0,0x0000000605280000)
 PSPermGen       total 21504K, used 16277K [0x00000005fae00000, 0x00000005fc300000, 0x0000000600000000)
  object space 21504K, 75% used [0x00000005fae00000,0x00000005fbde5540,0x00000005fc300000)
}

